<?xml version="1.0" encoding="UTF-8"?>
<!-- Generated by org.testng.reporters.JUnitXMLReporter -->
<testsuite hostname="Joe" ignored="0" name="Default test" tests="4" failures="0" timestamp="20 Jun 2017 16:36:41 GMT" time="0.192" errors="0">
  <testcase name="@BeforeClass beforeClass" time="0.0" classname="smokeTests.SmokeTest">
    <failure type="org.testng.TestNGException" message="
Parameter &amp;apos;browserType&amp;apos; is required by BeforeClass on method beforeClass but has not been marked @Optional or defined
in C:\Users\Joe\AppData\Local\Temp\testng-eclipse-1202538579\testng-customsuite.xml">
      <![CDATA[org.testng.TestNGException: 
Parameter 'browserType' is required by BeforeClass on method beforeClass but has not been marked @Optional or defined
in C:\Users\Joe\AppData\Local\Temp\testng-eclipse-1202538579\testng-customsuite.xml
	at org.testng.internal.Parameters.createParameters(Parameters.java:199)
	at org.testng.internal.Parameters.createParameters(Parameters.java:443)
	at org.testng.internal.Parameters.createConfigurationParameters(Parameters.java:118)
	at org.testng.internal.Invoker.invokeConfigurations(Invoker.java:206)
	at org.testng.internal.Invoker.invokeConfigurations(Invoker.java:146)
	at org.testng.internal.TestMethodWorker.invokeBeforeClassMethods(TestMethodWorker.java:166)
	at org.testng.internal.TestMethodWorker.run(TestMethodWorker.java:105)
	at org.testng.TestRunner.privateRun(TestRunner.java:744)
	at org.testng.TestRunner.run(TestRunner.java:602)
	at org.testng.SuiteRunner.runTest(SuiteRunner.java:380)
	at org.testng.SuiteRunner.runSequentially(SuiteRunner.java:375)
	at org.testng.SuiteRunner.privateRun(SuiteRunner.java:340)
	at org.testng.SuiteRunner.run(SuiteRunner.java:289)
	at org.testng.SuiteRunnerWorker.runSuite(SuiteRunnerWorker.java:52)
	at org.testng.SuiteRunnerWorker.run(SuiteRunnerWorker.java:86)
	at org.testng.TestNG.runSuitesSequentially(TestNG.java:1301)
	at org.testng.TestNG.runSuitesLocally(TestNG.java:1226)
	at org.testng.TestNG.runSuites(TestNG.java:1144)
	at org.testng.TestNG.run(TestNG.java:1115)
	at org.testng.remote.AbstractRemoteTestNG.run(AbstractRemoteTestNG.java:132)
	at org.testng.remote.RemoteTestNG.initAndRun(RemoteTestNG.java:230)
	at org.testng.remote.RemoteTestNG.main(RemoteTestNG.java:76)
]]>
    </failure>
  </testcase> <!-- @BeforeClass beforeClass -->
  <testcase name="loginAsContactCentreUserTest" time="0.0" classname="smokeTests.SmokeTest">
    <skipped/>
  </testcase> <!-- loginAsContactCentreUserTest -->
  <testcase name="navigateToLogOnReportPageTest" time="0.0" classname="smokeTests.SmokeTest">
    <skipped/>
  </testcase> <!-- navigateToLogOnReportPageTest -->
  <testcase name="fillLogANewReportPageTest" time="0.0" classname="smokeTests.SmokeTest">
    <skipped/>
  </testcase> <!-- fillLogANewReportPageTest -->
  <testcase name="fillAdverseEventPage" time="0.0" classname="smokeTests.SmokeTest">
    <skipped/>
  </testcase> <!-- fillAdverseEventPage -->
</testsuite> <!-- Default test -->
